<?xml version="1.0" encoding="UTF-8"?>
<testsuite xmlns:xsi="http://www.w3.org/2001/XMLSchema-instance" xsi:noNamespaceSchemaLocation="https://maven.apache.org/surefire/maven-surefire-plugin/xsd/surefire-test-report.xsd" version="3.0.2" name="com.pierani.saaid.Aushop_saas.AushopSaasApplicationTests" time="10.711" tests="1" errors="0" skipped="0" failures="0">
  <properties>
[...]
</properties>
  <testcase name="contextLoads" classname="com.pierani.saaid.Aushop_saas.AushopSaasApplicationTests" time="0.711">
    <system-out><![CDATA[21:48:03.413 [main] INFO org.springframework.test.context.support.AnnotationConfigContextLoaderUtils -- Could not detect default configuration classes for test class [com.pierani.saaid.Aushop_saas.AushopSaasApplicationTests]: AushopSaasApplicationTests does not declare any static, non-private, non-final, nested classes annotated with @Configuration.
21:48:03.715 [main] INFO org.springframework.boot.test.context.SpringBootTestContextBootstrapper -- Found @SpringBootConfiguration com.pierani.saaid.Aushop_saas.AushopSaasApplication for test class com.pierani.saaid.Aushop_saas.AushopSaasApplicationTests
21:48:04.100 [main] INFO org.springframework.boot.devtools.restart.RestartApplicationListener -- Restart disabled due to context in which it is running

  .   ____          _            __ _ _
 /\\ / ___'_ __ _ _(_)_ __  __ _ \ \ \ \
( ( )\___ | '_ | '_| | '_ \/ _` | \ \ \ \
 \\/  ___)| |_)| | | | | || (_| |  ) ) ) )
  '  |____| .__|_| |_|_| |_\__, | / / / /
 =========|_|==============|___/=/_/_/_/

 :: Spring Boot ::                (v3.5.6)

2025-11-03T21:48:04.560-03:00  INFO 9616 --- [           main] c.p.s.A.AushopSaasApplicationTests       : Starting AushopSaasApplicationTests using Java 17.0.8 with PID 9616 (started by phlpi in C:\Users\phlpi\Downloads\Aushop-saass\Aushop-saas)
2025-11-03T21:48:04.563-03:00  INFO 9616 --- [           main] c.p.s.A.AushopSaasApplicationTests       : No active profile set, falling back to 1 default profile: "default"
2025-11-03T21:48:06.284-03:00  INFO 9616 --- [           main] .s.d.r.c.RepositoryConfigurationDelegate : Bootstrapping Spring Data JPA repositories in DEFAULT mode.
2025-11-03T21:48:06.408-03:00  INFO 9616 --- [           main] .s.d.r.c.RepositoryConfigurationDelegate : Finished Spring Data repository scanning in 104 ms. Found 4 JPA repository interfaces.
2025-11-03T21:48:07.305-03:00  INFO 9616 --- [           main] o.hibernate.jpa.internal.util.LogHelper  : HHH000204: Processing PersistenceUnitInfo [name: default]
2025-11-03T21:48:07.405-03:00  INFO 9616 --- [           main] org.hibernate.Version                    : HHH000412: Hibernate ORM core version 6.6.29.Final
2025-11-03T21:48:07.475-03:00  INFO 9616 --- [           main] o.h.c.internal.RegionFactoryInitiator    : HHH000026: Second-level cache disabled
2025-11-03T21:48:08.004-03:00  INFO 9616 --- [           main] o.s.o.j.p.SpringPersistenceUnitInfo      : No LoadTimeWeaver setup: ignoring JPA class transformer
2025-11-03T21:48:08.059-03:00  INFO 9616 --- [           main] com.zaxxer.hikari.HikariDataSource       : HikariPool-1 - Starting...
2025-11-03T21:48:08.427-03:00  INFO 9616 --- [           main] com.zaxxer.hikari.pool.HikariPool        : HikariPool-1 - Added connection org.postgresql.jdbc.PgConnection@3fd9e01c
2025-11-03T21:48:08.429-03:00  INFO 9616 --- [           main] com.zaxxer.hikari.HikariDataSource       : HikariPool-1 - Start completed.
2025-11-03T21:48:08.477-03:00  WARN 9616 --- [           main] org.hibernate.orm.deprecation            : HHH90000025: PostgreSQLDialect does not need to be specified explicitly using 'hibernate.dialect' (remove the property setting and it will be selected by default)
2025-11-03T21:48:08.508-03:00  INFO 9616 --- [           main] org.hibernate.orm.connections.pooling    : HHH10001005: Database info:
	Database JDBC URL [Connecting through datasource 'HikariDataSource (HikariPool-1)']
	Database driver: undefined/unknown
	Database version: 17.4
	Autocommit mode: undefined/unknown
	Isolation level: undefined/unknown
	Minimum pool size: undefined/unknown
	Maximum pool size: undefined/unknown
2025-11-03T21:48:10.123-03:00  INFO 9616 --- [           main] o.h.e.t.j.p.i.JtaPlatformInitiator       : HHH000489: No JTA platform available (set 'hibernate.transaction.jta.platform' to enable JTA platform integration)
2025-11-03T21:48:10.497-03:00  INFO 9616 --- [           main] j.LocalContainerEntityManagerFactoryBean : Initialized JPA EntityManagerFactory for persistence unit 'default'
2025-11-03T21:48:11.348-03:00  WARN 9616 --- [           main] JpaBaseConfiguration$JpaWebConfiguration : spring.jpa.open-in-view is enabled by default. Therefore, database queries may be performed during view rendering. Explicitly configure spring.jpa.open-in-view to disable this warning
2025-11-03T21:48:12.491-03:00  INFO 9616 --- [           main] c.r.stream.impl.StreamEnvironment        : Connecting to localhost with guest user, assuming development environment
2025-11-03T21:48:12.492-03:00  INFO 9616 --- [           main] c.r.stream.impl.StreamEnvironment        : Using address resolver to always connect to localhost
2025-11-03T21:48:12.995-03:00  INFO 9616 --- [           main] o.s.b.a.e.web.EndpointLinksResolver      : Exposing 1 endpoint beneath base path '/actuator'
2025-11-03T21:48:13.100-03:00  INFO 9616 --- [           main] c.p.s.A.AushopSaasApplicationTests       : Started AushopSaasApplicationTests in 9.017 seconds (process running for 11.431)
]]></system-out>
  </testcase>
</testsuite>